{"C:\\Users\\GeoBako\\Desktop\\bako\\TStest\\App.tsx": {"path":"C:\\Users\\GeoBako\\Desktop\\bako\\TStest\\App.tsx","statementMap":{"0":{"start":{"line":12,"column":22},"end":{"line":27,"column":1}},"1":{"start":{"line":13,"column":2},"end":{"line":26,"column":4}},"2":{"start":{"line":29,"column":15},"end":{"line":66,"column":2}}},"fnMap":{"0":{"name":"(anonymous_0)","decl":{"start":{"line":12,"column":22},"end":{"line":12,"column":23}},"loc":{"start":{"line":12,"column":28},"end":{"line":27,"column":1}},"line":12}},"branchMap":{},"s":{"0":1,"1":1,"2":1},"f":{"0":1},"b":{},"_coverageSchema":"43e27e138ebf9cfc5966b082cf9a028302ed4184","hash":"b50701ccd718b1bac8fd9c298379fc28a14505e9"}
,"C:\\Users\\GeoBako\\Desktop\\bako\\TStest\\src\\store\\_helpers.ts": {"path":"C:\\Users\\GeoBako\\Desktop\\bako\\TStest\\src\\store\\_helpers.ts","statementMap":{"0":{"start":{"line":9,"column":26},"end":{"line":18,"column":1}},"1":{"start":{"line":10,"column":15},"end":{"line":10,"column":58}},"2":{"start":{"line":11,"column":2},"end":{"line":17,"column":4}}},"fnMap":{"0":{"name":"(anonymous_0)","decl":{"start":{"line":9,"column":26},"end":{"line":9,"column":27}},"loc":{"start":{"line":9,"column":76},"end":{"line":18,"column":1}},"line":9}},"branchMap":{"0":{"loc":{"start":{"line":10,"column":15},"end":{"line":10,"column":58}},"type":"cond-expr","locations":[{"start":{"line":10,"column":24},"end":{"line":10,"column":47}},{"start":{"line":10,"column":50},"end":{"line":10,"column":58}}],"line":10}},"s":{"0":1,"1":2,"2":2},"f":{"0":2},"b":{"0":[1,1]},"_coverageSchema":"43e27e138ebf9cfc5966b082cf9a028302ed4184","hash":"a0b7dd171799fb24ef7124f4dcc964299f680ff2"}
}
